A51 MACRO ASSEMBLER  MAIN                                                                 03/20/2021 17:22:25 PAGE     1


MACRO ASSEMBLER A51 V8.2.7.0
OBJECT MODULE PLACED IN .\Objects\Main.obj
ASSEMBLER INVOKED BY: C:\Keil_v5\C51\BIN\A51.EXE Main.a51 SET(SMALL) DEBUG PRINT(.\Listings\Main.lst) OBJECT(.\Objects\M
                      ain.obj) EP

LOC  OBJ            LINE     SOURCE

                       1     ;24HR DIGITAL CLOCK USING 8051 AND RTC DS1307
                       2     
                       3     ;ASHWIN VALLABAN
                       4     ;GitHub repo: https://github.com/ashvnv/8051-digitalclock-rtc
                       5     
                       6     
                       7     ;REGISTERS USED:
                       8     ;R1 -> ACCUMULATOR BACKUP
                       9     ;R2 -> MICRO_DELAY FUNCTION
                      10     ;R3 -> TEMPORARY STORAGE IN TIMESETMODE SUBROUTINE
                      11     ;R4 -> HOURS REGISTER
                      12     ;R5 -> MINUTES REGISTER
                      13     
                      14     ;;;;R6 -> TIME SET REGISTER [COMMAND]
                      15     ;         0x00: Normal Mode
                      16     ;         0x01: MSB HOUR SET
                      17     ;         0x02: LSB HOUR SET
                      18     ;         0x03: MSB MINUTES SET
                      19     ;         0x04: LSB MINUTES SET
                      20     
                      21     
                      22     ;SUBROUTINE ADDRESSES
                      23     ;(150H)SETTIMEMODE -> INT1 CALLS THIS ADDRESS FOR MANUALLY SETTING TIME
                      24     ;(260H)DISPLAY -> 8051 DRIVING 7447 BCD TO 7SEG DISPLAY DECODER IN MULTIPLEX MODE
                      25     ;(300H)UPDATETIME -> CALL TO UPDATE 8051 INTERNAL TIME REGISTERS R4 AND R5
                      26     ;(2F0)MICRO_DELAY -> CALL A SMALL DELAY
                      27     ;(400H)RTCTIMEUPDATE -> CALLED WHILE MANUALY UPDATING TIME IN RTC CHIP
                      28     ;(510H)RSTART -> I2C RESTART CONDITION
                      29     ;(520H)STARTC -> I2C START CONDITION
                      30     ;(530H)STOP -> I2C STOP CONDITION
                      31     ;(540H)SEND -> I2C SEND DATA
                      32     ;(600H)ACK -> I2C ACKNOWLEDGEMENT (M TO S)
                      33     ;(610H)NAK -> I2C N-ACKNOWLEDGEMENT (M TO S)
                      34     ;(620H)RECV -> I2C RECEIVE DATA
                      35     
                      36     
                      37     ;***************************************
                      38     ;PORTS USED FOR I2C COMMUNICATION
                      39     ;***************************************
  0097                40     SDA EQU P1.7
  0096                41     SCL EQU P1.6
                      42     
                      43     ;***************************************
                      44     ;PORT PIN USED FOR SETTING TIME
  00B4                45     TOGGLE EQU P3.4
  00B5                46     SETTIMELED EQU P3.5
                      47             
                      48     
                      49     
0000                  50     ORG 0000H
0000 020100           51     LJMP START
                      52     
                      53     
0003                  54     ORG 0003H
0003 120300           55             LCALL TIMEUPDATE
0006 32               56             RETI
                      57     
A51 MACRO ASSEMBLER  MAIN                                                                 03/20/2021 17:22:25 PAGE     2

                      58     
                      59     
0013                  60     ORG 0013H
0013 120150           61             LCALL SETTIMEMODE
0016 32               62             RETI
                      63     
                      64     
                      65             
0100                  66     ORG 100H
0100 7C00             67             START: MOV R4, #00H ;HOURS DEFAULT 00H
0102 7D00             68                    MOV R5, #00H ;MINUTES DEFAULT 00H
0104 7E00             69                        MOV R6, #00H ;NORMAL MODE
                      70                        
                      71                        
                      72                        
                      73                    ;SEND START CONDITION
0106 120520           74                    LCALL STARTC
                      75                        
                      76                    ;SEND SLAVE ADDRESS
0109 74D0             77                    MOV A,#11010000B ;I2C ID 1101000X WHERE X = 0 FOR WRITE OPERATION
010B 120540           78                    LCALL SEND
                      79                    ;SLAVE ACK SKIPPED STORED IN C
                      80                        
                      81                ;SEND DATA
010E 7407             82                    MOV A, #00000111B ; SQUARE O/P REGISTER SELECT
0110 120540           83                    LCALL SEND
0113 7410             84                    MOV A, #10H ;INIT 1HZ SQUARE WAVE O/P
0115 120540           85                    LCALL SEND
                      86                        
0118 120530           87                    LCALL STOP
                      88                        
                      89                        
011B 75A885           90                        MOV IE, #85H ;ENABLE INT0 AND INT1 INTERRUPT PRIORITY ONLY
011E 758805           91                        MOV TCON, #05H ;ENABLE ENTERNAL INTERRUPT IN EDGE TRIGERRED MODE
                      92                        
                      93                        
0121 020260           94                        LJMP DISPLAY
                      95     
                      96     
0150                  97     ORG 150H
0150                  98             SETTIMEMODE:
0150 BE050A           99                         CJNE R6, #05H, OPTION
                     100                         
                     101             ;---------------------Return to normal mode-----------------------------
0153 7E00            102                             MOV R6, #00H
0155 120400          103                             LCALL RTCTIMEUPDATE
0158 D2A8            104                 SETB EX0 ;ENABLE RTC INTERRUPTING 8051
015A D2B5            105                         SETB SETTIMELED ;DISABLE SET TIME INDICATOR
015C 22              106                         RET
                     107             
                     108             ;-----------------------Time set Mode-----------------------------------
015D 30B453          109             OPTION: JNB TOGGLE, NEXTBIT
                     110             
                     111             
                     112             ;---------------------------------------------------
0160 BE010C          113                              CJNE R6, #01H, SETHRLSB
0163 EC              114                                              MOV A, R4
0164 54F0            115                                      ANL A, #0F0H
0166 2410            116                                      ADD A, #10H
0168 B43002          117                                      CJNE A, #30H, SKIPHRMSBRESET
016B 7400            118                                      MOV A, #00H
016D FC              119      SKIPHRMSBRESET:     MOV R4, A
016E 22              120                          RET
                     121      
                     122      
                     123         ;---------------------------------------------------
A51 MACRO ASSEMBLER  MAIN                                                                 03/20/2021 17:22:25 PAGE     3

016F BE021A          124       SETHRLSB:          CJNE R6, #02H, SETMINMSB
0172 EC              125                          MOV A, R4
0173 54F0            126                                      ANL A, #0F0H
0175 FB              127                                      MOV R3, A
0176 EC              128                                      MOV A, R4
0177 540F            129                                      ANL A, #0FH
0179 04              130                                      INC A
017A BB2007          131                                              CJNE R3, #20H, CHKFORHRMSB2 ;CHECK IS THE HOUR MSB
                              IS 1 OR 2
017D B40409          132                                      CJNE A, #04H, SKIPHRLSBRESET
0180 7400            133                          MOV A, #00H
0182 8005            134                          JMP SKIPHRLSBRESET                     
                     135                                              
0184 B40A02          136     CHKFORHRMSB2:        CJNE A, #0AH, SKIPHRLSBRESET
0187 7400            137                                              MOV A, #00H
                     138     
0189 4B              139     SKIPHRLSBRESET:      ORL A, R3
018A FC              140                          MOV R4, A
018B 22              141                                              RET
                     142                              
                     143             ;--------------------------------------------------
018C BE0311          144      SETMINMSB:          CJNE R6, #03H, SETMINLSB
018F ED              145                          MOV A, R5
0190 540F            146                                              ANL A, #0FH
0192 FB              147                                              MOV R3, A
0193 ED              148                                              MOV A, R5
0194 54F0            149                                      ANL A, #0F0H
0196 2410            150                                      ADD A, #10H
0198 B46002          151                                      CJNE A, #60H, SKIPMINMSBRESET
019B 7400            152                                      MOV A, #00H
019D 4B              153      SKIPMINMSBRESET:        ORL A, R3
019E FD              154                          MOV R5, A
019F 22              155                          RET
                     156                             
                     157                     
                     158         ;-------------------------------------------------          
01A0 BE040F          159      SETMINLSB:          CJNE R6, #04H, RETURNMINLSB
01A3 ED              160                          MOV A, R5
01A4 54F0            161                                      ANL A, #0F0H
01A6 FB              162                                      MOV R3, A
01A7 ED              163                                      MOV A, R5
01A8 540F            164                                      ANL A, #0FH
01AA 04              165                                      INC A
01AB B40A02          166                                      CJNE A, #0AH, SKIPMINLSBRESET
01AE 7400            167                          MOV A, #00H
01B0 4B              168     SKIPMINLSBRESET:     ORL A, R3
01B1 FD              169                          MOV R5, A
                     170                  
                     171                              
01B2 22              172     RETURNMINLSB:    RET
                     173                             
                     174                     ;----------------------------
01B3 0E              175        NEXTBIT: INC R6 ; INCREMENT MODE [NORMAL MODE, HOUR MSB&LSB AND MIN MSB&LSB]
01B4 C2A8            176                     CLR EX0 ;DISABLE RTC INTERRUPTING 8051
01B6 C2B5            177                             CLR SETTIMELED ;ENABLE SET TIME INDICATOR
01B8 22              178                             RET
                     179             
                     180             
0260                 181     ORG 260H
0260                 182             DISPLAY:  
                     183                       
                     184                       
0260 EC              185         HOURMSB:  MOV A, R4
0261 C4              186                               SWAP A
0262 5403            187                               ANL A, #03H ; 0000 00XX
0264 4410            188                               ORL A, #10H ; ENABLE ONLY HOUR MSB DISPLAY
A51 MACRO ASSEMBLER  MAIN                                                                 03/20/2021 17:22:25 PAGE     4

0266 F5A0            189                               MOV P2, A
0268 1202F0          190                               LCALL MICRO_DELAY
                     191                               
026B BE0102          192                               CJNE R6, #01H, HOURLSB ;IF IN TIME SET MODE, ONLY SHOW THE SETTIN
                             G TIME ON 7SEG DISPLAY
026E 80F0            193                               SJMP DISPLAY
                     194                              
                     195                               
0270 EC              196         HOURLSB:  MOV A, R4
0271 540F            197                               ANL A, #0FH
0273 4420            198                               ORL A, #20H ; ENABLE ONLY HOUR LSB DISPLAY
0275 F5A0            199                               MOV P2, A
0277 1202F0          200                               LCALL MICRO_DELAY
                     201                   
027A BE0202          202                               CJNE R6, #02H, MINMSB ;IF IN TIME SET MODE, ONLY SHOW THE SETTING
                              TIME ON 7SEG DISPLAY
027D 80E1            203                               SJMP DISPLAY
                     204                               
                     205                               
                     206                               
027F ED              207              MINMSB:  MOV A, R5
0280 C4              208                               SWAP A
0281 540F            209                               ANL A, #0FH
0283 4440            210                               ORL A, #40H ; ENABLE ONLY MIN MSB DISPLAY
0285 F5A0            211                               MOV P2, A
0287 1202F0          212                               LCALL MICRO_DELAY
                     213                               
028A BE0302          214                               CJNE R6, #03H, MINLSB ;IF IN TIME SET MODE, ONLY SHOW THE SETTING
                              TIME ON 7SEG DISPLAY
028D 80D1            215                               SJMP DISPLAY
                     216                               
                     217                               
                     218                               
028F ED              219              MINLSB:  MOV A, R5
0290 540F            220                               ANL A, #0FH
0292 4480            221                               ORL A, #80H ; ENABLE ONLY MIN LSB DISPLAY
0294 F5A0            222                               MOV P2, A
0296 1202F0          223                               LCALL MICRO_DELAY
                     224                               
0299 80C5            225                               SJMP DISPLAY
                     226     
                     227     
02F0                 228     ORG 2F0H ; 5US DELAY
02F0 7A05            229     MICRO_DELAY: MOV R2, #05H
02F2 DAFE            230         HERE:  DJNZ R2, HERE
02F4 22              231                    RET
                     232     
                     233     
                     234     ;*****************************************
                     235     ; WRITE TO SLAVE DEVICE WITH SLAVE ADDRESS 1101000XB
                     236     ;*****************************************
0300                 237     ORG 300H
                     238             
0300                 239             TIMEUPDATE:
                     240             
                     241                        
                     242                    ; SEND START CONDITION
0300 120520          243                    LCALL STARTC
                     244                        
                     245                    ; SEND SLAVE ADDRESS
0303 74D0            246                    MOV A,#11010000B ;I2C ID 1101000X WHERE X = 0 FOR WRITE OPERATION
0305 120540          247                    LCALL SEND
0308 7401            248                        MOV A, #01H ;INIT RTC POINTER TO MINUTES REGISTER
030A 120540          249                        LCALL SEND
030D 120530          250                        LCALL STOP
                     251                        
A51 MACRO ASSEMBLER  MAIN                                                                 03/20/2021 17:22:25 PAGE     5

                     252                        
                     253                    ; SEND START CONDITION
0310 120520          254                    LCALL STARTC
                     255                    ; SEND SLAVE ADDRESS WITH READ BIT SET
0313 74D1            256                    MOV A,#11010001B ;I2C ID 1101000X WHERE X = 1 FOR READ OPERATION
0315 120540          257                    LCALL SEND
                     258                    ; READ ONE BYTE
0318 120620          259                    LCALL RECV
031B FD              260                        MOV R5, A ;UPDATE MINUTES REGISTER
                     261                    ; SEND ACK
031C 120600          262                    LCALL ACK
                     263                    ; READ LAST BYTE
031F 120620          264                    LCALL RECV
0322 FC              265                        MOV R4, A ;UPDATE MINUTES REGISTER
                     266                   ; SEND NAK FOR LAST BYTE TO INDICATE
                     267                       
                     268                    ; END OF TRANSMISSION
0323 120610          269                    LCALL NAK
                     270                    ; SEND STOP CONDITION
0326 120530          271                    LCALL STOP
                     272                        
0329 E9              273                        MOV A, R1 ;RESTORE ACCUMULATOR DATA
032A 22              274             RET
                     275      
                     276      
0400                 277      ORG 400H
0400                 278              RTCTIMEUPDATE:
                     279                    ;SEND START CONDITION
0400 120520          280                    LCALL STARTC
                     281                        
                     282                    ;SEND SLAVE ADDRESS
0403 74D0            283                    MOV A,#11010000B ;I2C ID 1101000X WHERE X = 0 FOR WRITE OPERATION
0405 120540          284                    LCALL SEND
                     285                    ;SLAVE ACK SKIPPED STORED IN C
                     286                        
                     287                ;SEND DATA
0408 7400            288                    MOV A, #00000000B ; SECONDS REGISTER SELECT
040A 120540          289                    LCALL SEND
040D 7400            290                    MOV A, #00H ; MAKE SECONDS REGISTER 00
040F 120540          291                    LCALL SEND
0412 ED              292                        MOV A, R5 ;UPDATE RTC MINUTES REGISTER
0413 120540          293                        LCALL SEND
0416 EC              294                        MOV A, R4 ;UPDATE RTC HOURS REGISTER
0417 4480            295                        ORL A, #80H ;SET 24 HR BIT IN RTC FOR 24 HR OPERATION MODE
0419 120540          296                        LCALL SEND
                     297                        
041C 120530          298                    LCALL STOP
                     299                        
041F 22              300                        RET
                     301      
                     302     ;****************************************
                     303     ;RESTART CONDITION FOR I2C COMMUNICATION | [NOT USED]
                     304     ;****************************************
                     305     
0510                 306     ORG 510H
0510                 307     RSTART:
0510 C296            308             CLR SCL
0512 D297            309             SETB SDA
0514 D296            310             SETB SCL
0516 C297            311             CLR SDA
0518 22              312             RET
                     313      
                     314      
                     315     ;****************************************
                     316     ;START CONDITION FOR I2C COMMUNICATION
                     317     ;****************************************
A51 MACRO ASSEMBLER  MAIN                                                                 03/20/2021 17:22:25 PAGE     6

                     318     
0520                 319     ORG 520H
0520                 320     STARTC:
0520 D296            321             SETB SCL
0522 C297            322             CLR SDA
0524 C296            323             CLR SCL
0526 22              324             RET
                     325      
                     326      
                     327     ;*****************************************
                     328     ;STOP CONDITION FOR I2C BUS
                     329     ;*****************************************
                     330     
0530                 331     ORG 530H
0530                 332     STOP:
0530 C296            333             CLR SCL
0532 C297            334             CLR SDA
0534 D296            335             SETB SCL
0536 D297            336             SETB SDA
0538 22              337             RET
                     338      
                     339      
                     340     ;*****************************************
                     341     ;SENDING DATA TO SLAVE ON I2C BUS
                     342     ;*****************************************
                     343     
0540                 344     ORG 540H
0540                 345     SEND:
0540 F9              346         MOV R1, A ;BACKUP ACCUMULATOR DATA
                     347             
0541 7F08            348             MOV R7,#08
0543                 349     BACK:
0543 C296            350             CLR SCL
0545 33              351             RLC A
0546 9297            352             MOV SDA,C
0548 D296            353             SETB SCL
054A DFF7            354             DJNZ R7,BACK
054C C296            355             CLR SCL
054E D297            356             SETB SDA
0550 D296            357             SETB SCL
0552 A297            358             MOV C, SDA
0554 C296            359             CLR SCL
                     360             
0556 E9              361             MOV A, R1 ;RESTORE ACCUMULATOR DATA
                     362             
0557 22              363             RET
                     364      
                     365      
                     366     ;*****************************************
                     367     ;ACK AND NAK FOR I2C BUS
                     368     ;*****************************************
                     369     
0600                 370     ORG 600H
0600                 371     ACK:
0600 C297            372             CLR SDA
0602 D296            373             SETB SCL
0604 C296            374             CLR SCL
0606 D297            375             SETB SDA
0608 22              376             RET
                     377      
0610                 378     ORG 610H
0610                 379     NAK:
0610 D297            380             SETB SDA
0612 D296            381             SETB SCL
0614 C296            382             CLR SCL
0616 D296            383             SETB SCL
A51 MACRO ASSEMBLER  MAIN                                                                 03/20/2021 17:22:25 PAGE     7

0618 22              384             RET
                     385      
                     386      
                     387     ;*****************************************
                     388     ;RECEIVING DATA FROM SLAVE ON I2C BUS
                     389     ;*****************************************
                     390     
0620                 391     ORG 620H
0620 F9              392     RECV: MOV R1, A ;BACKUP ACCUMULATOR DATA, RESTORED AT THE END OF TIMEUPDATE CALL SUBROUTINE
                     393     
0621 7F08            394             MOV R7,#08
0623                 395     BACK2:
0623 C296            396             CLR SCL
0625 D296            397             SETB SCL
0627 A297            398             MOV C,SDA
0629 33              399             RLC A
062A DFF7            400             DJNZ R7,BACK2
062C C296            401             CLR SCL
062E D297            402             SETB SDA
                     403             
0630 22              404             RET
                     405             
                     406             
                     407     END
A51 MACRO ASSEMBLER  MAIN                                                                 03/20/2021 17:22:25 PAGE     8

SYMBOL TABLE LISTING
------ ----- -------


N A M E             T Y P E  V A L U E   ATTRIBUTES

ACK. . . . . . . .  C ADDR   0600H   A   
BACK . . . . . . .  C ADDR   0543H   A   
BACK2. . . . . . .  C ADDR   0623H   A   
CHKFORHRMSB2 . . .  C ADDR   0184H   A   
DISPLAY. . . . . .  C ADDR   0260H   A   
EX0. . . . . . . .  B ADDR   00A8H.0 A   
HERE . . . . . . .  C ADDR   02F2H   A   
HOURLSB. . . . . .  C ADDR   0270H   A   
HOURMSB. . . . . .  C ADDR   0260H   A   
IE . . . . . . . .  D ADDR   00A8H   A   
MICRO_DELAY. . . .  C ADDR   02F0H   A   
MINLSB . . . . . .  C ADDR   028FH   A   
MINMSB . . . . . .  C ADDR   027FH   A   
NAK. . . . . . . .  C ADDR   0610H   A   
NEXTBIT. . . . . .  C ADDR   01B3H   A   
OPTION . . . . . .  C ADDR   015DH   A   
P1 . . . . . . . .  D ADDR   0090H   A   
P2 . . . . . . . .  D ADDR   00A0H   A   
P3 . . . . . . . .  D ADDR   00B0H   A   
RECV . . . . . . .  C ADDR   0620H   A   
RETURNMINLSB . . .  C ADDR   01B2H   A   
RSTART . . . . . .  C ADDR   0510H   A   
RTCTIMEUPDATE. . .  C ADDR   0400H   A   
SCL. . . . . . . .  B ADDR   0090H.6 A   
SDA. . . . . . . .  B ADDR   0090H.7 A   
SEND . . . . . . .  C ADDR   0540H   A   
SETHRLSB . . . . .  C ADDR   016FH   A   
SETMINLSB. . . . .  C ADDR   01A0H   A   
SETMINMSB. . . . .  C ADDR   018CH   A   
SETTIMELED . . . .  B ADDR   00B0H.5 A   
SETTIMEMODE. . . .  C ADDR   0150H   A   
SKIPHRLSBRESET . .  C ADDR   0189H   A   
SKIPHRMSBRESET . .  C ADDR   016DH   A   
SKIPMINLSBRESET. .  C ADDR   01B0H   A   
SKIPMINMSBRESET. .  C ADDR   019DH   A   
START. . . . . . .  C ADDR   0100H   A   
STARTC . . . . . .  C ADDR   0520H   A   
STOP . . . . . . .  C ADDR   0530H   A   
TCON . . . . . . .  D ADDR   0088H   A   
TIMEUPDATE . . . .  C ADDR   0300H   A   
TOGGLE . . . . . .  B ADDR   00B0H.4 A   


REGISTER BANK(S) USED: 0 


ASSEMBLY COMPLETE.  0 WARNING(S), 0 ERROR(S)
